<?xml version="1.0" encoding="UTF-8"?>
<testng-results ignored="0" total="1" passed="1" failed="0" skipped="0">
  <reporter-output>
  </reporter-output>
  <suite started-at="2024-05-10T18:25:10 IST" name="Default suite" finished-at="2024-05-10T18:25:22 IST" duration-ms="11771">
    <groups>
    </groups>
    <test started-at="2024-05-10T18:25:10 IST" name="Default test" finished-at="2024-05-10T18:25:22 IST" duration-ms="11771">
      <class name="framwork.POM_DDF_TESTNG_1">
        <test-method is-config="true" signature="OpenBrowser()[pri:0, instance:framwork.POM_DDF_TESTNG_1@73e9cf30]" started-at="2024-05-10T18:25:10 IST" name="OpenBrowser" finished-at="2024-05-10T18:25:16 IST" duration-ms="5497" status="PASS">
          <reporter-output>
          </reporter-output>
        </test-method> <!-- OpenBrowser -->
        <test-method is-config="true" signature="LoginToPage()[pri:0, instance:framwork.POM_DDF_TESTNG_1@73e9cf30]" started-at="2024-05-10T18:25:16 IST" name="LoginToPage" finished-at="2024-05-10T18:25:20 IST" duration-ms="4024" status="PASS">
          <reporter-output>
          </reporter-output>
        </test-method> <!-- LoginToPage -->
        <test-method signature="VerifyTitle()[pri:0, instance:framwork.POM_DDF_TESTNG_1@73e9cf30]" started-at="2024-05-10T18:25:20 IST" name="VerifyTitle" finished-at="2024-05-10T18:25:22 IST" duration-ms="2037" status="PASS">
          <reporter-output>
          </reporter-output>
        </test-method> <!-- VerifyTitle -->
        <test-method is-config="true" signature="LogoutFromPage()[pri:0, instance:framwork.POM_DDF_TESTNG_1@73e9cf30]" started-at="2024-05-10T18:25:22 IST" name="LogoutFromPage" finished-at="2024-05-10T18:25:22 IST" duration-ms="0" status="PASS">
          <reporter-output>
          </reporter-output>
        </test-method> <!-- LogoutFromPage -->
        <test-method is-config="true" signature="ClosedBrowser()[pri:0, instance:framwork.POM_DDF_TESTNG_1@73e9cf30]" started-at="2024-05-10T18:25:22 IST" name="ClosedBrowser" finished-at="2024-05-10T18:25:22 IST" duration-ms="159" status="PASS">
          <reporter-output>
          </reporter-output>
        </test-method> <!-- ClosedBrowser -->
      </class> <!-- framwork.POM_DDF_TESTNG_1 -->
    </test> <!-- Default test -->
  </suite> <!-- Default suite -->
</testng-results>
